


materialPath: C:\Users\Martin\Desktop\FirstHalfLifeMod\sp\game\mod_episodic\materials
Loading C:\Users\Martin\Desktop\FirstHalfLifeMod\sp\game\mod_episodic\maps\Layer1.vmf
Could not locate 'GameData' key in c:\users\martin\desktop\firsthalflifemod\sp\game\mod_episodic\gameinfo.txt
Patching WVT material: maps/layer1/dev/dev_blendmeasure_wvt_patch
fixing up env_cubemap materials on brush sides...
0...1...2...3...4...5...6...7...8...9...100...1...2...3...4...5...6...7...8...9...10Processing areas...done (0)
Building Faces...done (0)
Chop Details...done (0)
Find Visible Detail Sides...done (0)
Merging details...done (0)
FixTjuncs...
PruneNodes...
WriteBSP...
done (0)
writing C:\Users\Martin\Desktop\FirstHalfLifeMod\sp\game\mod_episodic\maps\Layer1.prt...Building visibility clusters...
done (0)
Creating default LDR cubemaps for env_cubemap using skybox materials:
   skybox/skybox_istanbul_01*.vmt
 ! Run buildcubemaps in the engine to get the correct cube maps.
Creating default HDR cubemaps for env_cubemap using skybox materials:
   skybox/skybox_istanbul_01*.vmt
 ! Run buildcubemaps in the engine to get the correct cube maps.
Finding displacement neighbors...
Finding lightmap sample positions...
Displacement Alpha : 0...1...2...3...4...5...6...7...8...9...10
Building Physics collision data...
done (0) (68348 bytes)
Error! prop_static using model "models/props_junk/garbage_bag001a.mdl", which must be used on a dynamic entity (i.e. prop_physics). Deleted.
Error loading studio model "models/props_junk/garbage_bag001a.mdl"!
Error! To use model "models/uplant3.mdl"
      with prop_static, it must be compiled with $staticprop!
Error loading studio model "models/uplant3.mdl"!
Error! prop_static using model "models/props_c17/furniturefridge001a.mdl", which must be used on a dynamic entity (i.e. prop_physics). Deleted.
Error loading studio model "models/props_c17/furniturefridge001a.mdl"!
Error! prop_static using model "models/props_c17/furnitureradiator001a.mdl", which must be used on a dynamic entity (i.e. prop_physics). Deleted.
Error loading studio model "models/props_c17/furnitureradiator001a.mdl"!
Placing detail props : 0...1...2...3...4...5...6...7...8...9...10
Water found with no water_lod_control entity, creating a default one.
Compacting texture/material tables...
Reduced 322 texinfos to 251
Reduced 36 texdatas to 32 (979 bytes to 839)
Writing C:\Users\Martin\Desktop\FirstHalfLifeMod\sp\game\mod_episodic\maps\Layer1.bsp
0 seconds elapsed



16 threads
reading c:\users\martin\desktop\firsthalflifemod\sp\game\mod_episodic\maps\Layer1.bsp
reading c:\users\martin\desktop\firsthalflifemod\sp\game\mod_episodic\maps\Layer1.prt
 535 portalclusters
1709 numportals
0...1...2...3...4...5...6...7...8...9...100...1...2...3...4...5...6...7...8...9...10Optimized: 1593 visible clusters (1.20%)
Total clusters visible: 132646
Average clusters visible: 247
Building PAS...
Average clusters audible: 504
visdatasize:72961  compressed from 77040
writing c:\users\martin\desktop\firsthalflifemod\sp\game\mod_episodic\maps\Layer1.bsp
25 seconds elapsed



[Reading texlights from 'lights.rad']
[48 texlights parsed from 'lights.rad']

Loading c:\users\martin\desktop\firsthalflifemod\sp\game\mod_episodic\maps\Layer1.bsp
1750 faces
1317948 square feet [189784544.00 square inches]
0 Displacements
0 Square Feet [0.00 Square Inches]
1750 patches before subdivision
34140 patches after subdivision
16 direct lights
0...1...2...3...4...5...6...7...8...9...100...1...2...3...4...5...6...7...8...9...10transfers 2300427, max 409
transfer lists:  17.6 megs
0...1...2...3...4...5...6...7...8...9...10	Bounce #1 added RGB(48968, 37974, 31000)
0...1...2...3...4...5...6...7...8...9...10	Bounce #2 added RGB(7404, 4918, 3460)
0...1...2...3...4...5...6...7...8...9...10	Bounce #3 added RGB(1458, 877, 534)
0...1...2...3...4...5...6...7...8...9...10	Bounce #4 added RGB(358, 209, 113)
0...1...2...3...4...5...6...7...8...9...10	Bounce #5 added RGB(105, 63, 32)
0...1...2...3...4...5...6...7...8...9...10	Bounce #6 added RGB(35, 22, 11)
0...1...2...3...4...5...6...7...8...9...10	Bounce #7 added RGB(12, 8, 4)
0...1...2...3...4...5...6...7...8...9...10	Bounce #8 added RGB(5, 3, 1)
0...1...2...3...4...5...6...7...8...9...10	Bounce #9 added RGB(2, 1, 1)
0...1...2...3...4...5...6...7...8...9...10	Bounce #10 added RGB(1, 0, 0)
Build Patch/Sample Hash Table(s).....Done<0.0060 sec>
0...1...2...3...4...5...6...7...8...9...10FinalLightFace Done
0 of 0 (0% of) surface lights went in leaf ambient cubes.
0...1...2...3...4...5...6...7...8...9...10Writing leaf ambient...done
Ready to Finish

Object names       Objects/Maxobjs  Memory / Maxmem  Fullness 
------------       ---------------  ---------------  -------- 
models                   6/1024          288/49152    ( 0.6%) 
brushes                196/8192         2352/98304    ( 2.4%) 
brushsides            1329/65536       10632/524288   ( 2.0%) 
planes                 792/65536       15840/1310720  ( 1.2%) 
vertexes              2358/65536       28296/786432   ( 3.6%) 
nodes                 1025/65536       32800/2097152  ( 1.6%) 
texinfos               251/12288       18072/884736   ( 2.0%) 
texdata                 32/2048         1024/65536    ( 1.6%) 
dispinfos                0/0               0/0        ( 0.0%) 
disp_verts               0/0               0/0        ( 0.0%) 
disp_tris                0/0               0/0        ( 0.0%) 
disp_lmsamples           0/0               0/0        ( 0.0%) 
faces                 1750/65536       98000/3670016  ( 2.7%) 
hdr faces                0/65536           0/3670016  ( 0.0%) 
origfaces              749/65536       41944/3670016  ( 1.1%) 
leaves                1032/65536       33024/2097152  ( 1.6%) 
leaffaces             2038/65536        4076/131072   ( 3.1%) 
leafbrushes            505/65536        1010/131072   ( 0.8%) 
areas                    2/256            16/2048     ( 0.8%) 
surfedges            11091/512000      44364/2048000  ( 2.2%) 
edges                 6012/256000      24048/1024000  ( 2.3%) 
LDR worldlights         16/8192         1408/720896   ( 0.2%) 
HDR worldlights          0/8192            0/720896   ( 0.0%) 
leafwaterdata            1/32768          12/393216   ( 0.0%) 
waterstrips            123/32768        1230/327680   ( 0.4%) 
waterverts               0/65536           0/786432   ( 0.0%) 
waterindices          1986/65536        3972/131072   ( 3.0%) 
cubemapsamples           0/1024            0/16384    ( 0.0%) 
overlays                 0/512             0/180224   ( 0.0%) 
LDR lightdata         [variable]      877220/0        ( 0.0%) 
HDR lightdata         [variable]           0/0        ( 0.0%) 
visdata               [variable]       72961/16777216 ( 0.4%) 
entdata               [variable]       36994/393216   ( 9.4%) 
LDR ambient table     1032/65536        4128/262144   ( 1.6%) 
HDR ambient table     1032/65536        4128/262144   ( 1.6%) 
LDR leaf ambient      5004/65536      140112/1835008  ( 7.6%) 
HDR leaf ambient      1032/65536       28896/1835008  ( 1.6%) 
occluders                0/0               0/0        ( 0.0%) 
occluder polygons        0/0               0/0        ( 0.0%) 
occluder vert ind        0/0               0/0        ( 0.0%) 
detail props          [variable]           1/12       ( 8.3%) 
static props          [variable]           1/2628     ( 0.0%) 
pakfile               [variable]      164857/0        ( 0.0%) 
physics               [variable]       68348/4194304  ( 1.6%) 
physics terrain       [variable]           2/1048576  ( 0.0%) 

Level flags = 0

Total triangle count: 4595
Writing c:\users\martin\desktop\firsthalflifemod\sp\game\mod_episodic\maps\Layer1.bsp
6 seconds elapsed



materialPath: C:\Users\Martin\Desktop\FirstHalfLifeMod\sp\game\mod_episodic\materials
Loading C:\Users\Martin\Desktop\FirstHalfLifeMod\sp\game\mod_episodic\maps\Layer1.vmf
Could not locate 'GameData' key in c:\users\martin\desktop\firsthalflifemod\sp\game\mod_episodic\gameinfo.txt
Patching WVT material: maps/layer1/dev/dev_blendmeasure_wvt_patch
fixing up env_cubemap materials on brush sides...
0...1...2...3...4...5...6...7...8...9...100...1...2...3...4...5...6...7...8...9...10Processing areas...done (0)
Building Faces...done (0)
Chop Details...done (0)
Find Visible Detail Sides...done (0)
Merging details...done (0)
FixTjuncs...
PruneNodes...
WriteBSP...
done (0)
writing C:\Users\Martin\Desktop\FirstHalfLifeMod\sp\game\mod_episodic\maps\Layer1.prt...Building visibility clusters...
done (0)
Creating default LDR cubemaps for env_cubemap using skybox materials:
   skybox/skybox_istanbul_01*.vmt
 ! Run buildcubemaps in the engine to get the correct cube maps.
Creating default HDR cubemaps for env_cubemap using skybox materials:
   skybox/skybox_istanbul_01*.vmt
 ! Run buildcubemaps in the engine to get the correct cube maps.
Finding displacement neighbors...
Finding lightmap sample positions...
Displacement Alpha : 0...1...2...3...4...5...6...7...8...9...10
Building Physics collision data...
done (0) (75508 bytes)
Error! prop_static using model "models/props_junk/garbage_bag001a.mdl", which must be used on a dynamic entity (i.e. prop_physics). Deleted.
Error loading studio model "models/props_junk/garbage_bag001a.mdl"!
Error! To use model "models/uplant3.mdl"
      with prop_static, it must be compiled with $staticprop!
Error loading studio model "models/uplant3.mdl"!
Error! prop_static using model "models/props_c17/furniturefridge001a.mdl", which must be used on a dynamic entity (i.e. prop_physics). Deleted.
Error loading studio model "models/props_c17/furniturefridge001a.mdl"!
Error! prop_static using model "models/props_c17/furnitureradiator001a.mdl", which must be used on a dynamic entity (i.e. prop_physics). Deleted.
Error loading studio model "models/props_c17/furnitureradiator001a.mdl"!
Placing detail props : 0...1...2...3...4...5...6...7...8...9...10
Water found with no water_lod_control entity, creating a default one.
Compacting texture/material tables...
Reduced 364 texinfos to 274
Reduced 36 texdatas to 32 (981 bytes to 839)
Writing C:\Users\Martin\Desktop\FirstHalfLifeMod\sp\game\mod_episodic\maps\Layer1.bsp
0 seconds elapsed



16 threads
reading c:\users\martin\desktop\firsthalflifemod\sp\game\mod_episodic\maps\Layer1.bsp
reading c:\users\martin\desktop\firsthalflifemod\sp\game\mod_episodic\maps\Layer1.prt
 607 portalclusters
1957 numportals
0...1...2...3...4...5...6...7...8...9...100...1...2...3...4...5...6...7...8...9...10Optimized: 1712 visible clusters (1.24%)
Total clusters visible: 138267
Average clusters visible: 227
Building PAS...
Average clusters audible: 533
visdatasize:89873  compressed from 97120
writing c:\users\martin\desktop\firsthalflifemod\sp\game\mod_episodic\maps\Layer1.bsp
1 minute, 34 seconds elapsed



[Reading texlights from 'lights.rad']
[48 texlights parsed from 'lights.rad']

Loading c:\users\martin\desktop\firsthalflifemod\sp\game\mod_episodic\maps\Layer1.bsp
1988 faces
1483624 square feet [213641888.00 square inches]
0 Displacements
0 Square Feet [0.00 Square Inches]
1988 patches before subdivision
42434 patches after subdivision
16 direct lights
0...1...2...3...4...5...6...7...8...9...100...1...2...3...4...5...6...7...8...9...10transfers 2860605, max 424
transfer lists:  21.8 megs
0...1...2...3...4...5...6...7...8...9...10	Bounce #1 added RGB(52914, 41568, 33880)
0...1...2...3...4...5...6...7...8...9...10	Bounce #2 added RGB(7858, 5216, 3662)
0...1...2...3...4...5...6...7...8...9...10	Bounce #3 added RGB(1467, 884, 539)
0...1...2...3...4...5...6...7...8...9...10	Bounce #4 added RGB(358, 208, 113)
0...1...2...3...4...5...6...7...8...9...10	Bounce #5 added RGB(105, 63, 32)
0...1...2...3...4...5...6...7...8...9...10	Bounce #6 added RGB(35, 22, 11)
0...1...2...3...4...5...6...7...8...9...10	Bounce #7 added RGB(12, 8, 4)
0...1...2...3...4...5...6...7...8...9...10	Bounce #8 added RGB(5, 3, 1)
0...1...2...3...4...5...6...7...8...9...10	Bounce #9 added RGB(2, 1, 1)
0...1...2...3...4...5...6...7...8...9...10	Bounce #10 added RGB(1, 0, 0)
Build Patch/Sample Hash Table(s).....Done<0.0073 sec>
0...1...2...3...4...5...6...7...8...9...10FinalLightFace Done
0 of 0 (0% of) surface lights went in leaf ambient cubes.
0...1...2...3...4...5...6...7...8...9...10Writing leaf ambient...done
Ready to Finish

Object names       Objects/Maxobjs  Memory / Maxmem  Fullness 
------------       ---------------  ---------------  -------- 
models                   6/1024          288/49152    ( 0.6%) 
brushes                215/8192         2580/98304    ( 2.6%) 
brushsides            1453/65536       11624/524288   ( 2.2%) 
planes                 888/65536       17760/1310720  ( 1.4%) 
vertexes              2701/65536       32412/786432   ( 4.1%) 
nodes                 1168/65536       37376/2097152  ( 1.8%) 
texinfos               274/12288       19728/884736   ( 2.2%) 
texdata                 32/2048         1024/65536    ( 1.6%) 
dispinfos                0/0               0/0        ( 0.0%) 
disp_verts               0/0               0/0        ( 0.0%) 
disp_tris                0/0               0/0        ( 0.0%) 
disp_lmsamples           0/0               0/0        ( 0.0%) 
faces                 1988/65536      111328/3670016  ( 3.0%) 
hdr faces                0/65536           0/3670016  ( 0.0%) 
origfaces              833/65536       46648/3670016  ( 1.3%) 
leaves                1175/65536       37600/2097152  ( 1.8%) 
leaffaces             2335/65536        4670/131072   ( 3.6%) 
leafbrushes            577/65536        1154/131072   ( 0.9%) 
areas                    2/256            16/2048     ( 0.8%) 
surfedges            12648/512000      50592/2048000  ( 2.5%) 
edges                 6845/256000      27380/1024000  ( 2.7%) 
LDR worldlights         16/8192         1408/720896   ( 0.2%) 
HDR worldlights          0/8192            0/720896   ( 0.0%) 
leafwaterdata            1/32768          12/393216   ( 0.0%) 
waterstrips            138/32768        1380/327680   ( 0.4%) 
waterverts               0/65536           0/786432   ( 0.0%) 
waterindices          2178/65536        4356/131072   ( 3.3%) 
cubemapsamples           0/1024            0/16384    ( 0.0%) 
overlays                 0/512             0/180224   ( 0.0%) 
LDR lightdata         [variable]     1018548/0        ( 0.0%) 
HDR lightdata         [variable]           0/0        ( 0.0%) 
visdata               [variable]       89873/16777216 ( 0.5%) 
entdata               [variable]       37670/393216   ( 9.6%) 
LDR ambient table     1175/65536        4700/262144   ( 1.8%) 
HDR ambient table     1175/65536        4700/262144   ( 1.8%) 
LDR leaf ambient      5730/65536      160440/1835008  ( 8.7%) 
HDR leaf ambient      1175/65536       32900/1835008  ( 1.8%) 
occluders                0/0               0/0        ( 0.0%) 
occluder polygons        0/0               0/0        ( 0.0%) 



materialPath: C:\Users\Martin\Desktop\FirstHalfLifeMod\sp\game\mod_episodic\materials
Loading C:\Users\Martin\Desktop\FirstHalfLifeMod\sp\game\mod_episodic\maps\Layer1.vmf
Could not locate 'GameData' key in c:\users\martin\desktop\firsthalflifemod\sp\game\mod_episodic\gameinfo.txt
Patching WVT material: maps/layer1/dev/dev_blendmeasure_wvt_patch
fixing up env_cubemap materials on brush sides...
0...1...2...3...4...5...6...7...8...9...100...1...2...3...4...5...6...7...8...9...10Processing areas...done (0)
Building Faces...done (0)
Chop Details...done (0)
Find Visible Detail Sides...done (0)
Merging details...done (0)
FixTjuncs...
PruneNodes...
WriteBSP...
done (0)
writing C:\Users\Martin\Desktop\FirstHalfLifeMod\sp\game\mod_episodic\maps\Layer1.prt...Building visibility clusters...
done (0)
Creating default LDR cubemaps for env_cubemap using skybox materials:
   skybox/skybox_istanbul_01*.vmt
 ! Run buildcubemaps in the engine to get the correct cube maps.
Creating default HDR cubemaps for env_cubemap using skybox materials:
   skybox/skybox_istanbul_01*.vmt
 ! Run buildcubemaps in the engine to get the correct cube maps.
Finding displacement neighbors...
Finding lightmap sample positions...
Displacement Alpha : 0...1...2...3...4...5...6...7...8...9...10
Building Physics collision data...
done (0) (75508 bytes)
Error! prop_static using model "models/props_junk/garbage_bag001a.mdl", which must be used on a dynamic entity (i.e. prop_physics). Deleted.
Error loading studio model "models/props_junk/garbage_bag001a.mdl"!
Error! To use model "models/uplant3.mdl"
      with prop_static, it must be compiled with $staticprop!
Error loading studio model "models/uplant3.mdl"!
Error! prop_static using model "models/props_c17/furniturefridge001a.mdl", which must be used on a dynamic entity (i.e. prop_physics). Deleted.
Error loading studio model "models/props_c17/furniturefridge001a.mdl"!
Error! prop_static using model "models/props_c17/furnitureradiator001a.mdl", which must be used on a dynamic entity (i.e. prop_physics). Deleted.
Error loading studio model "models/props_c17/furnitureradiator001a.mdl"!
Placing detail props : 0...1...2...3...4...5...6...7...8...9...10
Water found with no water_lod_control entity, creating a default one.
Compacting texture/material tables...
Reduced 364 texinfos to 274
Reduced 36 texdatas to 32 (981 bytes to 839)
Writing C:\Users\Martin\Desktop\FirstHalfLifeMod\sp\game\mod_episodic\maps\Layer1.bsp
0 seconds elapsed



16 threads
reading c:\users\martin\desktop\firsthalflifemod\sp\game\mod_episodic\maps\Layer1.bsp
reading c:\users\martin\desktop\firsthalflifemod\sp\game\mod_episodic\maps\Layer1.prt
 607 portalclusters
1957 numportals
0...1...2...3...4...5...6...7...8...9...100...1...2...3...4...5...6...7...8...9...10Optimized: 1712 visible clusters (1.24%)
Total clusters visible: 138267
Average clusters visible: 227
Building PAS...
Average clusters audible: 533
visdatasize:89873  compressed from 97120
writing c:\users\martin\desktop\firsthalflifemod\sp\game\mod_episodic\maps\Layer1.bsp
1 minute, 35 seconds elapsed



[Reading texlights from 'lights.rad']
[48 texlights parsed from 'lights.rad']

Loading c:\users\martin\desktop\firsthalflifemod\sp\game\mod_episodic\maps\Layer1.bsp
1988 faces
1483624 square feet [213641888.00 square inches]
0 Displacements
0 Square Feet [0.00 Square Inches]
1988 patches before subdivision
42434 patches after subdivision
16 direct lights
0...1...2...3...4...5...6...7...8...9...100...1...2...3...4...5...6...7...8...9...10transfers 2860605, max 424
transfer lists:  21.8 megs
0...1...2...3...4...5...6...7...8...9...10	Bounce #1 added RGB(52914, 41568, 33879)
0...1...2...3...4...5...6...7...8...9...10	Bounce #2 added RGB(7858, 5216, 3662)
0...1...2...3...4...5...6...7...8...9...10	Bounce #3 added RGB(1467, 884, 539)
0...1...2...3...4...5...6...7...8...9...10	Bounce #4 added RGB(358, 208, 113)
0...1...2...3...4...5...6...7...8...9...10	Bounce #5 added RGB(105, 63, 32)
0...1...2...3...4...5...6...7...8...9...10	Bounce #6 added RGB(35, 22, 11)
0...1...2...3...4...5...6...7...8...9...10	Bounce #7 added RGB(12, 8, 4)
0...1...2...3...4...5...6...7...8...9...10	Bounce #8 added RGB(5, 3, 1)
0...1...2...3...4...5...6...7...8...9...10	Bounce #9 added RGB(2, 1, 1)
0...1...2...3...4...5...6...7...8...9...10	Bounce #10 added RGB(1, 0, 0)
Build Patch/Sample Hash Table(s).....Done<0.0071 sec>
0...1...2...3...4...5...6...7...8...9...10FinalLightFace Done
0 of 0 (0% of) surface lights went in leaf ambient cubes.
0...1...2...3...4...5...6...7...8...9...10Writing leaf ambient...done
Ready to Finish

Object names       Objects/Maxobjs  Memory / Maxmem  Fullness 
------------       ---------------  ---------------  -------- 
models                   6/1024          288/49152    ( 0.6%) 
brushes                215/8192         2580/98304    ( 2.6%) 
brushsides            1453/65536       11624/524288   ( 2.2%) 
planes                 888/65536       17760/1310720  ( 1.4%) 
vertexes              2701/65536       32412/786432   ( 4.1%) 
nodes                 1168/65536       37376/2097152  ( 1.8%) 
texinfos               274/12288       19728/884736   ( 2.2%) 
texdata                 32/2048         1024/65536    ( 1.6%) 
dispinfos                0/0               0/0        ( 0.0%) 
disp_verts               0/0               0/0        ( 0.0%) 
disp_tris                0/0               0/0        ( 0.0%) 
disp_lmsamples           0/0               0/0        ( 0.0%) 
faces                 1988/65536      111328/3670016  ( 3.0%) 
hdr faces                0/65536           0/3670016  ( 0.0%) 
origfaces              833/65536       46648/3670016  ( 1.3%) 
leaves                1175/65536       37600/2097152  ( 1.8%) 
leaffaces             2335/65536        4670/131072   ( 3.6%) 
leafbrushes            577/65536        1154/131072   ( 0.9%) 
areas                    2/256            16/2048     ( 0.8%) 
surfedges            12648/512000      50592/2048000  ( 2.5%) 
edges                 6845/256000      27380/1024000  ( 2.7%) 
LDR worldlights         16/8192         1408/720896   ( 0.2%) 
HDR worldlights          0/8192            0/720896   ( 0.0%) 
leafwaterdata            1/32768          12/393216   ( 0.0%) 
waterstrips            138/32768        1380/327680   ( 0.4%) 
waterverts               0/65536           0/786432   ( 0.0%) 
waterindices          2178/65536        4356/131072   ( 3.3%) 
cubemapsamples           0/1024            0/16384    ( 0.0%) 
overlays                 0/512             0/180224   ( 0.0%) 
LDR lightdata         [variable]     1018548/0        ( 0.0%) 
HDR lightdata         [variable]           0/0        ( 0.0%) 
visdata               [variable]       89873/16777216 ( 0.5%) 
entdata               [variable]       37670/393216   ( 9.6%) 
LDR ambient table     1175/65536        4700/262144   ( 1.8%) 
HDR ambient table     1175/65536        4700/262144   ( 1.8%) 
LDR leaf ambient      5729/65536      160412/1835008  ( 8.7%) 
HDR leaf ambient      1175/65536       32900/1835008  ( 1.8%) 
occluders                0/0               0/0        ( 0.0%) 
occluder polygons        0/0               0/0        ( 0.0%) 
occluder vert ind        0/0               0/0        ( 0.0%) 
detail props          [variable]           1/12       ( 8.3%) 
static props          [variable]           1/2630     ( 0.0%) 
pakfile               [variable]      164863/0        ( 0.0%) 
physics               [variable]       75508/4194304  ( 1.8%) 
physics terrain       [variable]           2/1048576  ( 0.0%) 

Level flags = 0

Total triangle count: 5341
Writing c:\users\martin\desktop\firsthalflifemod\sp\game\mod_episodic\maps\Layer1.bsp
6 seconds elapsed



materialPath: C:\Users\Martin\Desktop\FirstHalfLifeMod\sp\game\mod_episodic\materials
Loading C:\Users\Martin\Desktop\FirstHalfLifeMod\sp\game\mod_episodic\maps\Layer1.vmf
Could not locate 'GameData' key in c:\users\martin\desktop\firsthalflifemod\sp\game\mod_episodic\gameinfo.txt
Patching WVT material: maps/layer1/dev/dev_blendmeasure_wvt_patch
Patching WVT material: maps/layer1/nature/blendgrassgravel002b_wvt_patch
fixing up env_cubemap materials on brush sides...
0...1...2...3...4...5...6...7...8...9...100...1...2...3...4...5...6...7...8...9...10Processing areas...done (0)
Building Faces...done (0)
Chop Details...done (0)
Find Visible Detail Sides...done (0)
Merging details...done (0)
FixTjuncs...
PruneNodes...
WriteBSP...
done (0)
writing C:\Users\Martin\Desktop\FirstHalfLifeMod\sp\game\mod_episodic\maps\Layer1.prt...Building visibility clusters...
done (0)
Creating default LDR cubemaps for env_cubemap using skybox materials:
   skybox/skybox_istanbul_01*.vmt
 ! Run buildcubemaps in the engine to get the correct cube maps.
Creating default HDR cubemaps for env_cubemap using skybox materials:
   skybox/skybox_istanbul_01*.vmt
 ! Run buildcubemaps in the engine to get the correct cube maps.
Finding displacement neighbors...
Finding lightmap sample positions...
Displacement Alpha : 0...1...2...3...4...5...6...7...8...9...10
Building Physics collision data...
done (0) (83956 bytes)
Error! prop_static using model "models/props_junk/garbage_bag001a.mdl", which must be used on a dynamic entity (i.e. prop_physics). Deleted.
Error loading studio model "models/props_junk/garbage_bag001a.mdl"!
Error! To use model "models/uplant3.mdl"
      with prop_static, it must be compiled with $staticprop!
Error loading studio model "models/uplant3.mdl"!
Error! prop_static using model "models/props_c17/furniturefridge001a.mdl", which must be used on a dynamic entity (i.e. prop_physics). Deleted.
Error loading studio model "models/props_c17/furniturefridge001a.mdl"!
Error! prop_static using model "models/props_c17/furnitureradiator001a.mdl", which must be used on a dynamic entity (i.e. prop_physics). Deleted.
Error loading studio model "models/props_c17/furnitureradiator001a.mdl"!
Placing detail props : 0...1...2...3...4...5...6...7...8...9...Error! detail_prop using model "models/props_c17/furnitureradiator001a.mdl", which must be used on a dynamic entity (i.e. prop_physics). Deleted.
Error loading studio model "models/props_c17/furnitureradiator001a.mdl"!
10
Water found with no water_lod_control entity, creating a default one.
Compacting texture/material tables...
Reduced 399 texinfos to 298
Reduced 41 texdatas to 35 (1150 bytes to 958)
Writing C:\Users\Martin\Desktop\FirstHalfLifeMod\sp\game\mod_episodic\maps\Layer1.bsp
0 seconds elapsed



16 threads
reading c:\users\martin\desktop\firsthalflifemod\sp\game\mod_episodic\maps\Layer1.bsp
reading c:\users\martin\desktop\firsthalflifemod\sp\game\mod_episodic\maps\Layer1.prt
 676 portalclusters
2133 numportals
0...1...2...3...4...5...6...7...8...9...100...1...2...3...4...5...6...7...8...9...10Optimized: 2009 visible clusters (1.30%)
Total clusters visible: 154797
Average clusters visible: 228
Building PAS...
Average clusters audible: 569
visdatasize:109446  compressed from 118976
writing c:\users\martin\desktop\firsthalflifemod\sp\game\mod_episodic\maps\Layer1.bsp
2 minutes, 4 seconds elapsed



[Reading texlights from 'lights.rad']
[48 texlights parsed from 'lights.rad']

Loading c:\users\martin\desktop\firsthalflifemod\sp\game\mod_episodic\maps\Layer1.bsp
2186 faces
1491653 square feet [214798080.00 square inches]
0 Displacements
0 Square Feet [0.00 Square Inches]
2186 patches before subdivision
44364 patches after subdivision
16 direct lights
0...1...2...3...4...5...6...7...8...9...100...1...2...3...4...5...6...7...8...9...10transfers 3115636, max 436
transfer lists:  23.8 megs
0...1...2...3...4...5...6...7...8...9...10	Bounce #1 added RGB(55726, 44323, 36217)
0...1...2...3...4...5...6...7...8...9...10	Bounce #2 added RGB(8217, 5517, 3880)
0...1...2...3...4...5...6...7...8...9...10	Bounce #3 added RGB(1517, 922, 563)
0...1...2...3...4...5...6...7...8...9...10	Bounce #4 added RGB(365, 213, 116)
0...1...2...3...4...5...6...7...8...9...10	Bounce #5 added RGB(106, 63, 32)
0...1...2...3...4...5...6...7...8...9...10	Bounce #6 added RGB(35, 22, 11)
0...1...2...3...4...5...6...7...8...9...10	Bounce #7 added RGB(12, 8, 4)
0...1...2...3...4...5...6...7...8...9...10	Bounce #8 added RGB(5, 3, 1)
0...1...2...3...4...5...6...7...8...9...10	Bounce #9 added RGB(2, 1, 1)
0...1...2...3...4...5...6...7...8...9...10	Bounce #10 added RGB(1, 0, 0)
Build Patch/Sample Hash Table(s).....Done<0.0075 sec>
0...1...2...3...4...5...6...7...8...9...10FinalLightFace Done
0 of 0 (0% of) surface lights went in leaf ambient cubes.
0...1...2...3...4...5...6...7...8...9...10Writing leaf ambient...done
Ready to Finish

Object names       Objects/Maxobjs  Memory / Maxmem  Fullness 
------------       ---------------  ---------------  -------- 
models                   6/1024          288/49152    ( 0.6%) 
brushes                235/8192         2820/98304    ( 2.9%) 
brushsides            1602/65536       12816/524288   ( 2.4%) 
planes                 966/65536       19320/1310720  ( 1.5%) 
vertexes              3000/65536       36000/786432   ( 4.6%) 
nodes                 1291/65536       41312/2097152  ( 2.0%) 
texinfos               298/12288       21456/884736   ( 2.4%) 
texdata                 35/2048         1120/65536    ( 1.7%) 
dispinfos                0/0               0/0        ( 0.0%) 
disp_verts               0/0               0/0        ( 0.0%) 
disp_tris                0/0               0/0        ( 0.0%) 
disp_lmsamples           0/0               0/0        ( 0.0%) 
faces                 2186/65536      122416/3670016  ( 3.3%) 
hdr faces                0/65536           0/3670016  ( 0.0%) 
origfaces              917/65536       51352/3670016  ( 1.4%) 
leaves                1298/65536       41536/2097152  ( 2.0%) 
leaffaces             2573/65536        5146/131072   ( 3.9%) 
leafbrushes            637/65536        1274/131072   ( 1.0%) 
areas                    2/256            16/2048     ( 0.8%) 
surfedges            13977/512000      55908/2048000  ( 2.7%) 
edges                 7592/256000      30368/1024000  ( 3.0%) 
LDR worldlights         16/8192         1408/720896   ( 0.2%) 
HDR worldlights          0/8192            0/720896   ( 0.0%) 
leafwaterdata            1/32768          12/393216   ( 0.0%) 
waterstrips            152/32768        1520/327680   ( 0.5%) 
waterverts               0/65536           0/786432   ( 0.0%) 
waterindices          2415/65536        4830/131072   ( 3.7%) 
cubemapsamples           0/1024            0/16384    ( 0.0%) 
overlays                 0/512             0/180224   ( 0.0%) 
LDR lightdata         [variable]     1063232/0        ( 0.0%) 
HDR lightdata         [variable]           0/0        ( 0.0%) 
visdata               [variable]      109446/16777216 ( 0.7%) 
entdata               [variable]       38352/393216   ( 9.8%) 
LDR ambient table     1298/65536        5192/262144   ( 2.0%) 
HDR ambient table     1298/65536        5192/262144   ( 2.0%) 
LDR leaf ambient      6073/65536      170044/1835008  ( 9.3%) 
HDR leaf ambient      1298/65536       36344/1835008  ( 2.0%) 
occluders                0/0               0/0        ( 0.0%) 
occluder polygons        0/0               0/0        ( 0.0%) 
occluder vert ind        0/0               0/0        ( 0.0%) 
detail props          [variable]           1/12       ( 8.3%) 
static props          [variable]           1/2630     ( 0.0%) 
pakfile               [variable]      165258/0        ( 0.0%) 
physics               [variable]       83956/4194304  ( 2.0%) 
physics terrain       [variable]           2/1048576  ( 0.0%) 

Level flags = 0

Total triangle count: 5926
Writing c:\users\martin\desktop\firsthalflifemod\sp\game\mod_episodic\maps\Layer1.bsp
6 seconds elapsed



materialPath: C:\Users\Martin\Desktop\FirstHalfLifeMod\sp\game\mod_episodic\materials
Loading C:\Users\Martin\Desktop\FirstHalfLifeMod\sp\game\mod_episodic\maps\Layer1.vmf
Could not locate 'GameData' key in c:\users\martin\desktop\firsthalflifemod\sp\game\mod_episodic\gameinfo.txt
Patching WVT material: maps/layer1/dev/dev_blendmeasure_wvt_patch
Patching WVT material: maps/layer1/nature/blendgrassgravel002b_wvt_patch
fixing up env_cubemap materials on brush sides...
0...1...2...3...4...5...6...7...8...9...100...1...2...3...4...5...6...7...8...9...10Processing areas...done (0)
Building Faces...done (0)
Chop Details...done (0)
Find Visible Detail Sides...done (0)
Merging details...done (0)
FixTjuncs...
PruneNodes...
WriteBSP...
done (0)
writing C:\Users\Martin\Desktop\FirstHalfLifeMod\sp\game\mod_episodic\maps\Layer1.prt...Building visibility clusters...
done (0)
Creating default LDR cubemaps for env_cubemap using skybox materials:
   skybox/skybox_istanbul_01*.vmt
 ! Run buildcubemaps in the engine to get the correct cube maps.
Creating default HDR cubemaps for env_cubemap using skybox materials:
   skybox/skybox_istanbul_01*.vmt
 ! Run buildcubemaps in the engine to get the correct cube maps.
Finding displacement neighbors...
Finding lightmap sample positions...
Displacement Alpha : 0...1...2...3...4...5...6...7...8...9...10
Building Physics collision data...
done (0) (83956 bytes)
Error! prop_static using model "models/props_junk/garbage_bag001a.mdl", which must be used on a dynamic entity (i.e. prop_physics). Deleted.
Error loading studio model "models/props_junk/garbage_bag001a.mdl"!
Error! To use model "models/uplant3.mdl"
      with prop_static, it must be compiled with $staticprop!
Error loading studio model "models/uplant3.mdl"!
Error! prop_static using model "models/props_c17/furniturefridge001a.mdl", which must be used on a dynamic entity (i.e. prop_physics). Deleted.
Error loading studio model "models/props_c17/furniturefridge001a.mdl"!
Error! prop_static using model "models/props_c17/furnitureradiator001a.mdl", which must be used on a dynamic entity (i.e. prop_physics). Deleted.
Error loading studio model "models/props_c17/furnitureradiator001a.mdl"!
Placing detail props : 0...1...2...3...4...5...6...7...8...9...Error! detail_prop using model "models/props_c17/furnitureradiator001a.mdl", which must be used on a dynamic entity (i.e. prop_physics). Deleted.
Error loading studio model "models/props_c17/furnitureradiator001a.mdl"!
10
Water found with no water_lod_control entity, creating a default one.
Compacting texture/material tables...
Reduced 399 texinfos to 298
Reduced 41 texdatas to 35 (1150 bytes to 958)
Writing C:\Users\Martin\Desktop\FirstHalfLifeMod\sp\game\mod_episodic\maps\Layer1.bsp
0 seconds elapsed



16 threads
reading c:\users\martin\desktop\firsthalflifemod\sp\game\mod_episodic\maps\Layer1.bsp
reading c:\users\martin\desktop\firsthalflifemod\sp\game\mod_episodic\maps\Layer1.prt
 676 portalclusters
2133 numportals
0...1...2...3...4...5...6...7...8...9...100...1...2...3...4...5...6...7...8...9...10Optimized: 2015 visible clusters (1.30%)
Total clusters visible: 154807
Average clusters visible: 229
Building PAS...
Average clusters audible: 569
visdatasize:109449  compressed from 118976
writing c:\users\martin\desktop\firsthalflifemod\sp\game\mod_episodic\maps\Layer1.bsp
2 minutes, 7 seconds elapsed



[Reading texlights from 'lights.rad']
[48 texlights parsed from 'lights.rad']

Loading c:\users\martin\desktop\firsthalflifemod\sp\game\mod_episodic\maps\Layer1.bsp
2186 faces
1491653 square feet [214798080.00 square inches]
0 Displacements
0 Square Feet [0.00 Square Inches]
2186 patches before subdivision
44364 patches after subdivision
16 direct lights
0...1...2...3...4...5...6...7...8...9...100...1...2...3...4...5...6...7...8...9...10transfers 3115636, max 436
transfer lists:  23.8 megs
0...1...2...3...4...5...6...7...8...9...10	Bounce #1 added RGB(55726, 44323, 36217)
0...1...2...3...4...5...6...7...8...9...10	Bounce #2 added RGB(8217, 5517, 3880)
0...1...2...3...4...5...6...7...8...9...10	Bounce #3 added RGB(1517, 922, 563)
0...1...2...3...4...5...6...7...8...9...10	Bounce #4 added RGB(365, 213, 116)
0...1...2...3...4...5...6...7...8...9...10	Bounce #5 added RGB(106, 63, 32)
0...1...2...3...4...5...6...7...8...9...10	Bounce #6 added RGB(35, 22, 11)
0...1...2...3...4...5...6...7...8...9...10	Bounce #7 added RGB(12, 8, 4)
0...1...2...3...4...5...6...7...8...9...10	Bounce #8 added RGB(5, 3, 1)
0...1...2...3...4...5...6...7...8...9...10	Bounce #9 added RGB(2, 1, 1)
0...1...2...3...4...5...6...7...8...9...10	Bounce #10 added RGB(1, 0, 0)
Build Patch/Sample Hash Table(s).....Done<0.0077 sec>
0...1...2...3...4...5...6...7...8...9...10FinalLightFace Done
0 of 0 (0% of) surface lights went in leaf ambient cubes.
0...1...2...3...4...5...6...7...8...9...10Writing leaf ambient...done
Ready to Finish

Object names       Objects/Maxobjs  Memory / Maxmem  Fullness 
------------       ---------------  ---------------  -------- 
models                   6/1024          288/49152    ( 0.6%) 
brushes                235/8192         2820/98304    ( 2.9%) 
brushsides            1602/65536       12816/524288   ( 2.4%) 
planes                 966/65536       19320/1310720  ( 1.5%) 
vertexes              3000/65536       36000/786432   ( 4.6%) 
nodes                 1291/65536       41312/2097152  ( 2.0%) 
texinfos               298/12288       21456/884736   ( 2.4%) 
texdata                 35/2048         1120/65536    ( 1.7%) 
dispinfos                0/0               0/0        ( 0.0%) 
disp_verts               0/0               0/0        ( 0.0%) 
disp_tris                0/0               0/0        ( 0.0%) 
disp_lmsamples           0/0               0/0        ( 0.0%) 
faces                 2186/65536      122416/3670016  ( 3.3%) 
hdr faces                0/65536           0/3670016  ( 0.0%) 
origfaces              917/65536       51352/3670016  ( 1.4%) 
leaves                1298/65536       41536/2097152  ( 2.0%) 
leaffaces             2573/65536        5146/131072   ( 3.9%) 
leafbrushes            637/65536        1274/131072   ( 1.0%) 
areas                    2/256            16/2048     ( 0.8%) 
surfedges            13977/512000      55908/2048000  ( 2.7%) 
edges                 7592/256000      30368/1024000  ( 3.0%) 
LDR worldlights         16/8192         1408/720896   ( 0.2%) 
HDR worldlights          0/8192            0/720896   ( 0.0%) 
leafwaterdata            1/32768          12/393216   ( 0.0%) 
waterstrips            152/32768        1520/327680   ( 0.5%) 
waterverts               0/65536           0/786432   ( 0.0%) 
waterindices          2415/65536        4830/131072   ( 3.7%) 
cubemapsamples           0/1024            0/16384    ( 0.0%) 
overlays                 0/512             0/180224   ( 0.0%) 
LDR lightdata         [variable]     1063232/0        ( 0.0%) 
HDR lightdata         [variable]           0/0        ( 0.0%) 
visdata               [variable]      109449/16777216 ( 0.7%) 
entdata               [variable]       38352/393216   ( 9.8%) 
LDR ambient table     1298/65536        5192/262144   ( 2.0%) 
HDR ambient table     1298/65536        5192/262144   ( 2.0%) 
LDR leaf ambient      6073/65536      170044/1835008  ( 9.3%) 
HDR leaf ambient      1298/65536       36344/1835008  ( 2.0%) 
occluders                0/0               0/0        ( 0.0%) 
occluder polygons        0/0               0/0        ( 0.0%) 
occluder vert ind        0/0               0/0        ( 0.0%) 
detail props          [variable]           1/12       ( 8.3%) 
static props          [variable]           1/2630     ( 0.0%) 
pakfile               [variable]      165258/0        ( 0.0%) 
physics               [variable]       83956/4194304  ( 2.0%) 
physics terrain       [variable]           2/1048576  ( 0.0%) 

Level flags = 0

Total triangle count: 5926
Writing c:\users\martin\desktop\firsthalflifemod\sp\game\mod_episodic\maps\Layer1.bsp
6 seconds elapsed



materialPath: C:\Users\Martin\Desktop\FirstHalfLifeMod\sp\game\mod_episodic\materials
Loading C:\Users\Martin\Desktop\FirstHalfLifeMod\sp\game\mod_episodic\maps\Layer1.vmf
Could not locate 'GameData' key in c:\users\martin\desktop\firsthalflifemod\sp\game\mod_episodic\gameinfo.txt
Patching WVT material: maps/layer1/dev/dev_blendmeasure_wvt_patch
Patching WVT material: maps/layer1/nature/blendgrassgravel002b_wvt_patch
fixing up env_cubemap materials on brush sides...
0...1...2...3...4...5...6...7...8...9...100...1...2...3...4...5...6...7...8...9...10Processing areas...done (0)
Building Faces...done (0)
Chop Details...done (0)
Find Visible Detail Sides...done (0)
Merging details...done (0)
FixTjuncs...
PruneNodes...
WriteBSP...
done (0)
writing C:\Users\Martin\Desktop\FirstHalfLifeMod\sp\game\mod_episodic\maps\Layer1.prt...Building visibility clusters...
done (0)
Creating default LDR cubemaps for env_cubemap using skybox materials:
   skybox/skybox_istanbul_01*.vmt
 ! Run buildcubemaps in the engine to get the correct cube maps.
Creating default HDR cubemaps for env_cubemap using skybox materials:
   skybox/skybox_istanbul_01*.vmt
 ! Run buildcubemaps in the engine to get the correct cube maps.
Finding displacement neighbors...
Finding lightmap sample positions...
Displacement Alpha : 0...1...2...3...4...5...6...7...8...9...10
Building Physics collision data...
done (0) (85055 bytes)
Error! prop_static using model "models/props_junk/garbage_bag001a.mdl", which must be used on a dynamic entity (i.e. prop_physics). Deleted.
Error loading studio model "models/props_junk/garbage_bag001a.mdl"!
Error! To use model "models/uplant3.mdl"
      with prop_static, it must be compiled with $staticprop!
Error loading studio model "models/uplant3.mdl"!
Error! prop_static using model "models/props_c17/furniturefridge001a.mdl", which must be used on a dynamic entity (i.e. prop_physics). Deleted.
Error loading studio model "models/props_c17/furniturefridge001a.mdl"!
Error! prop_static using model "models/props_c17/furnitureradiator001a.mdl", which must be used on a dynamic entity (i.e. prop_physics). Deleted.
Error loading studio model "models/props_c17/furnitureradiator001a.mdl"!
Placing detail props : 0...1...2...3...4...5...6...7...8...9...Error! detail_prop using model "models/props_c17/furnitureradiator001a.mdl", which must be used on a dynamic entity (i.e. prop_physics). Deleted.
Error loading studio model "models/props_c17/furnitureradiator001a.mdl"!
10
Water found with no water_lod_control entity, creating a default one.
Compacting texture/material tables...
Reduced 417 texinfos to 301
Reduced 42 texdatas to 36 (1171 bytes to 979)
Writing C:\Users\Martin\Desktop\FirstHalfLifeMod\sp\game\mod_episodic\maps\Layer1.bsp
0 seconds elapsed



16 threads
reading c:\users\martin\desktop\firsthalflifemod\sp\game\mod_episodic\maps\Layer1.bsp
reading c:\users\martin\desktop\firsthalflifemod\sp\game\mod_episodic\maps\Layer1.prt
 676 portalclusters
2133 numportals
0...1...2...3...4...5...6...7...8...9...100...1...2...3...4...5...6...7...8...9...10Optimized: 2007 visible clusters (1.30%)
Total clusters visible: 154799
Average clusters visible: 228
Building PAS...
Average clusters audible: 569
visdatasize:109449  compressed from 118976
writing c:\users\martin\desktop\firsthalflifemod\sp\game\mod_episodic\maps\Layer1.bsp
2 minutes, 5 seconds elapsed



[Reading texlights from 'lights.rad']
[48 texlights parsed from 'lights.rad']

Loading c:\users\martin\desktop\firsthalflifemod\sp\game\mod_episodic\maps\Layer1.bsp
2116 faces
1472357 square feet [212019520.00 square inches]
0 Displacements
0 Square Feet [0.00 Square Inches]
2116 patches before subdivision
41432 patches after subdivision
16 direct lights
0...1...2...3...4...5...6...7...8...9...100...1...2...3...4...5...6...7...8...9...10transfers 2618929, max 419
transfer lists:  20.0 megs
0...1...2...3...4...5...6...7...8...9...10	Bounce #1 added RGB(55354, 44094, 36049)
0...1...2...3...4...5...6...7...8...9...10	Bounce #2 added RGB(8103, 5453, 3842)
0...1...2...3...4...5...6...7...8...9...10	Bounce #3 added RGB(1495, 911, 558)
0...1...2...3...4...5...6...7...8...9...10	Bounce #4 added RGB(361, 212, 115)
0...1...2...3...4...5...6...7...8...9...10	Bounce #5 added RGB(105, 63, 32)
0...1...2...3...4...5...6...7...8...9...10	Bounce #6 added RGB(35, 22, 11)
0...1...2...3...4...5...6...7...8...9...10	Bounce #7 added RGB(12, 8, 4)
0...1...2...3...4...5...6...7...8...9...10	Bounce #8 added RGB(5, 3, 1)
0...1...2...3...4...5...6...7...8...9...10	Bounce #9 added RGB(2, 1, 1)
0...1...2...3...4...5...6...7...8...9...10	Bounce #10 added RGB(1, 0, 0)
Build Patch/Sample Hash Table(s).....Done<0.0072 sec>
0...1...2...3...4...5...6...7...8...9...10FinalLightFace Done
0 of 0 (0% of) surface lights went in leaf ambient cubes.
0...1...2...3...4...5...6...7...8...9...10Writing leaf ambient...done
Ready to Finish

Object names       Objects/Maxobjs  Memory / Maxmem  Fullness 
------------       ---------------  ---------------  -------- 
models                   8/1024          384/49152    ( 0.8%) 
brushes                237/8192         2844/98304    ( 2.9%) 
brushsides            1614/65536       12912/524288   ( 2.5%) 
planes                 988/65536       19760/1310720  ( 1.5%) 
vertexes              3004/65536       36048/786432   ( 4.6%) 
nodes                 1303/65536       41696/2097152  ( 2.0%) 
texinfos               301/12288       21672/884736   ( 2.4%) 
texdata                 36/2048         1152/65536    ( 1.8%) 
dispinfos                0/0               0/0        ( 0.0%) 
disp_verts               0/0               0/0        ( 0.0%) 
disp_tris                0/0               0/0        ( 0.0%) 
disp_lmsamples           0/0               0/0        ( 0.0%) 
faces                 2116/65536      118496/3670016  ( 3.2%) 
hdr faces                0/65536           0/3670016  ( 0.0%) 
origfaces              891/65536       49896/3670016  ( 1.4%) 
leaves                1312/65536       41984/2097152  ( 2.0%) 
leaffaces             2486/65536        4972/131072   ( 3.8%) 
leafbrushes            639/65536        1278/131072   ( 1.0%) 
areas                    2/256            16/2048     ( 0.8%) 
surfedges            13502/512000      54008/2048000  ( 2.6%) 
edges                 7443/256000      29772/1024000  ( 2.9%) 
LDR worldlights         16/8192         1408/720896   ( 0.2%) 
HDR worldlights          0/8192            0/720896   ( 0.0%) 
leafwaterdata            1/32768          12/393216   ( 0.0%) 
waterstrips            152/32768        1520/327680   ( 0.5%) 
waterverts               0/65536           0/786432   ( 0.0%) 
waterindices          2415/65536        4830/131072   ( 3.7%) 
cubemapsamples           0/1024            0/16384    ( 0.0%) 
overlays                 0/512             0/180224   ( 0.0%) 
LDR lightdata         [variable]      994668/0        ( 0.0%) 
HDR lightdata         [variable]           0/0        ( 0.0%) 
visdata               [variable]      109449/16777216 ( 0.7%) 
entdata               [variable]       39526/393216   (10.1%) 
LDR ambient table     1312/65536        5248/262144   ( 2.0%) 
HDR ambient table     1312/65536        5248/262144   ( 2.0%) 
LDR leaf ambient      6178/65536      172984/1835008  ( 9.4%) 
HDR leaf ambient      1312/65536       36736/1835008  ( 2.0%) 
occluders                0/0               0/0        ( 0.0%) 
occluder polygons        0/0               0/0        ( 0.0%) 
occluder vert ind        0/0               0/0        ( 0.0%) 
detail props          [variable]           1/12       ( 8.3%) 
static props          [variable]           1/2630     ( 0.0%) 
pakfile               [variable]      165258/0        ( 0.0%) 
physics               [variable]       85055/4194304  ( 2.0%) 
physics terrain       [variable]           2/1048576  ( 0.0%) 

Level flags = 0

Total triangle count: 5695
Writing c:\users\martin\desktop\firsthalflifemod\sp\game\mod_episodic\maps\Layer1.bsp
6 seconds elapsed



materialPath: C:\Users\Martin\Desktop\FirstHalfLifeMod\sp\game\mod_episodic\materials
Loading C:\Users\Martin\Desktop\FirstHalfLifeMod\sp\game\mod_episodic\maps\Layer1.vmf
Could not locate 'GameData' key in c:\users\martin\desktop\firsthalflifemod\sp\game\mod_episodic\gameinfo.txt
Patching WVT material: maps/layer1/dev/dev_blendmeasure_wvt_patch
Patching WVT material: maps/layer1/nature/blendgrassgravel002b_wvt_patch
fixing up env_cubemap materials on brush sides...
0...1...2...3...4...5...6...7...8...9...100...1...2...3...4...5...6...7...8...9...10Processing areas...done (0)
Building Faces...done (0)
Chop Details...done (0)
Find Visible Detail Sides...done (0)
Merging details...done (0)
FixTjuncs...
PruneNodes...
WriteBSP...
done (0)
writing C:\Users\Martin\Desktop\FirstHalfLifeMod\sp\game\mod_episodic\maps\Layer1.prt...Building visibility clusters...
done (0)
Creating default LDR cubemaps for env_cubemap using skybox materials:
   skybox/skybox_istanbul_01*.vmt
 ! Run buildcubemaps in the engine to get the correct cube maps.
Creating default HDR cubemaps for env_cubemap using skybox materials:
   skybox/skybox_istanbul_01*.vmt
 ! Run buildcubemaps in the engine to get the correct cube maps.
Finding displacement neighbors...
Finding lightmap sample positions...
Displacement Alpha : 0...1...2...3...4...5...6...7...8...9...10
Building Physics collision data...
done (0) (85055 bytes)
Error! prop_static using model "models/props_junk/garbage_bag001a.mdl", which must be used on a dynamic entity (i.e. prop_physics). Deleted.
Error loading studio model "models/props_junk/garbage_bag001a.mdl"!
Error! To use model "models/uplant3.mdl"
      with prop_static, it must be compiled with $staticprop!
Error loading studio model "models/uplant3.mdl"!
Error! prop_static using model "models/props_c17/furniturefridge001a.mdl", which must be used on a dynamic entity (i.e. prop_physics). Deleted.
Error loading studio model "models/props_c17/furniturefridge001a.mdl"!
Error! prop_static using model "models/props_c17/furnitureradiator001a.mdl", which must be used on a dynamic entity (i.e. prop_physics). Deleted.
Error loading studio model "models/props_c17/furnitureradiator001a.mdl"!
Placing detail props : 0...1...2...3...4...5...6...7...8...9...Error! detail_prop using model "models/props_c17/furnitureradiator001a.mdl", which must be used on a dynamic entity (i.e. prop_physics). Deleted.
Error loading studio model "models/props_c17/furnitureradiator001a.mdl"!
10
Water found with no water_lod_control entity, creating a default one.
Compacting texture/material tables...
Reduced 418 texinfos to 302
Reduced 43 texdatas to 37 (1189 bytes to 997)
Writing C:\Users\Martin\Desktop\FirstHalfLifeMod\sp\game\mod_episodic\maps\Layer1.bsp
0 seconds elapsed



16 threads
reading c:\users\martin\desktop\firsthalflifemod\sp\game\mod_episodic\maps\Layer1.bsp
reading c:\users\martin\desktop\firsthalflifemod\sp\game\mod_episodic\maps\Layer1.prt
   1 portalclusters
   0 numportals
0...1...2...3...4...5...6...7...8...9...100...1...2...3...4...5...6...7...8...9...10Optimized: 0 visible clusters (0.00%)
Total clusters visible: 1
Average clusters visible: 1
Building PAS...
Average clusters audible: 1
visdatasize:14  compressed from 16
writing c:\users\martin\desktop\firsthalflifemod\sp\game\mod_episodic\maps\Layer1.bsp
0 seconds elapsed



[Reading texlights from 'lights.rad']
[48 texlights parsed from 'lights.rad']

Loading c:\users\martin\desktop\firsthalflifemod\sp\game\mod_episodic\maps\Layer1.bsp
2116 faces
1472357 square feet [212019520.00 square inches]
0 Displacements
0 Square Feet [0.00 Square Inches]
2116 patches before subdivision
41432 patches after subdivision
16 direct lights
0...1...2...3...4...5...6...7...8...9...100...1...2...3...4...5...6...7...8...9...10transfers 2618934, max 419
transfer lists:  20.0 megs
0...1...2...3...4...5...6...7...8...9...10	Bounce #1 added RGB(55354, 44095, 36049)
0...1...2...3...4...5...6...7...8...9...10	Bounce #2 added RGB(8103, 5453, 3842)
0...1...2...3...4...5...6...7...8...9...10	Bounce #3 added RGB(1495, 911, 558)
0...1...2...3...4...5...6...7...8...9...10	Bounce #4 added RGB(361, 212, 115)
0...1...2...3...4...5...6...7...8...9...10	Bounce #5 added RGB(105, 63, 32)
0...1...2...3...4...5...6...7...8...9...10	Bounce #6 added RGB(35, 22, 11)
0...1...2...3...4...5...6...7...8...9...10	Bounce #7 added RGB(12, 8, 4)
0...1...2...3...4...5...6...7...8...9...10	Bounce #8 added RGB(5, 3, 1)
0...1...2...3...4...5...6...7...8...9...10	Bounce #9 added RGB(2, 1, 1)
0...1...2...3...4...5...6...7...8...9...10	Bounce #10 added RGB(1, 0, 0)
Build Patch/Sample Hash Table(s).....Done<0.0070 sec>
0...1...2...3...4...5...6...7...8...9...10FinalLightFace Done
0 of 0 (0% of) surface lights went in leaf ambient cubes.
0...1...2...3...4...5...6...7...8...9...10Writing leaf ambient...done
Ready to Finish

Object names       Objects/Maxobjs  Memory / Maxmem  Fullness 
------------       ---------------  ---------------  -------- 
models                   8/1024          384/49152    ( 0.8%) 
brushes                237/8192         2844/98304    ( 2.9%) 
brushsides            1614/65536       12912/524288   ( 2.5%) 
planes                 988/65536       19760/1310720  ( 1.5%) 
vertexes              3004/65536       36048/786432   ( 4.6%) 
nodes                 1303/65536       41696/2097152  ( 2.0%) 
texinfos               302/12288       21744/884736   ( 2.5%) 
texdata                 37/2048         1184/65536    ( 1.8%) 
dispinfos                0/0               0/0        ( 0.0%) 
disp_verts               0/0               0/0        ( 0.0%) 
disp_tris                0/0               0/0        ( 0.0%) 
disp_lmsamples           0/0               0/0        ( 0.0%) 
faces                 2116/65536      118496/3670016  ( 3.2%) 
hdr faces                0/65536           0/3670016  ( 0.0%) 
origfaces              891/65536       49896/3670016  ( 1.4%) 
leaves                1312/65536       41984/2097152  ( 2.0%) 
leaffaces             2486/65536        4972/131072   ( 3.8%) 
leafbrushes            639/65536        1278/131072   ( 1.0%) 
areas                    2/256            16/2048     ( 0.8%) 
surfedges            13502/512000      54008/2048000  ( 2.6%) 
edges                 7443/256000      29772/1024000  ( 2.9%) 
LDR worldlights         16/8192         1408/720896   ( 0.2%) 
HDR worldlights          0/8192            0/720896   ( 0.0%) 
leafwaterdata            1/32768          12/393216   ( 0.0%) 
waterstrips            152/32768        1520/327680   ( 0.5%) 
waterverts               0/65536           0/786432   ( 0.0%) 
waterindices          2415/65536        4830/131072   ( 3.7%) 
cubemapsamples           0/1024            0/16384    ( 0.0%) 
overlays                 0/512             0/180224   ( 0.0%) 
LDR lightdata         [variable]      994668/0        ( 0.0%) 
HDR lightdata         [variable]           0/0        ( 0.0%) 
visdata               [variable]          14/16777216 ( 0.0%) 
entdata               [variable]       39798/393216   (10.1%) 
LDR ambient table     1312/65536        5248/262144   ( 2.0%) 
HDR ambient table     1312/65536        5248/262144   ( 2.0%) 
LDR leaf ambient      6178/65536      172984/1835008  ( 9.4%) 
HDR leaf ambient      1312/65536       36736/1835008  ( 2.0%) 
occluders                0/0               0/0        ( 0.0%) 
occluder polygons        0/0               0/0        ( 0.0%) 
occluder vert ind        0/0               0/0        ( 0.0%) 
detail props          [variable]           1/12       ( 8.3%) 
static props          [variable]           1/2630     ( 0.0%) 
pakfile               [variable]      165258/0        ( 0.0%) 
physics               [variable]       85055/4194304  ( 2.0%) 
physics terrain       [variable]           2/1048576  ( 0.0%) 

Level flags = 0

Total triangle count: 5695
Writing c:\users\martin\desktop\firsthalflifemod\sp\game\mod_episodic\maps\Layer1.bsp
9 seconds elapsed



materialPath: C:\Users\Martin\Desktop\FirstHalfLifeMod\sp\game\mod_episodic\materials
Loading C:\Users\Martin\Desktop\FirstHalfLifeMod\sp\game\mod_episodic\maps\Layer1.vmf
Could not locate 'GameData' key in c:\users\martin\desktop\firsthalflifemod\sp\game\mod_episodic\gameinfo.txt
Patching WVT material: maps/layer1/dev/dev_blendmeasure_wvt_patch
Patching WVT material: maps/layer1/nature/blendgrassgravel002b_wvt_patch
fixing up env_cubemap materials on brush sides...
0...1...2...3...4...5...6...7...8...9...100...1...2...3...4...5...6...7...8...9...10Processing areas...done (0)
Building Faces...done (0)
Chop Details...done (0)
Find Visible Detail Sides...done (0)
Merging details...done (0)
FixTjuncs...
PruneNodes...
WriteBSP...
done (0)
writing C:\Users\Martin\Desktop\FirstHalfLifeMod\sp\game\mod_episodic\maps\Layer1.prt...Building visibility clusters...
done (0)
Creating default LDR cubemaps for env_cubemap using skybox materials:
   skybox/skybox_istanbul_01*.vmt
 ! Run buildcubemaps in the engine to get the correct cube maps.
Creating default HDR cubemaps for env_cubemap using skybox materials:
   skybox/skybox_istanbul_01*.vmt
 ! Run buildcubemaps in the engine to get the correct cube maps.
Finding displacement neighbors...
Finding lightmap sample positions...
Displacement Alpha : 0...1...2...3...4...5...6...7...8...9...10
Building Physics collision data...
done (0) (85055 bytes)
Error! prop_static using model "models/props_junk/garbage_bag001a.mdl", which must be used on a dynamic entity (i.e. prop_physics). Deleted.
Error loading studio model "models/props_junk/garbage_bag001a.mdl"!
Error! To use model "models/uplant3.mdl"
      with prop_static, it must be compiled with $staticprop!
Error loading studio model "models/uplant3.mdl"!
Error! prop_static using model "models/props_c17/furniturefridge001a.mdl", which must be used on a dynamic entity (i.e. prop_physics). Deleted.
Error loading studio model "models/props_c17/furniturefridge001a.mdl"!
Error! prop_static using model "models/props_c17/furnitureradiator001a.mdl", which must be used on a dynamic entity (i.e. prop_physics). Deleted.
Error loading studio model "models/props_c17/furnitureradiator001a.mdl"!
Placing detail props : 0...1...2...3...4...5...6...7...8...9...Error! detail_prop using model "models/props_c17/furnitureradiator001a.mdl", which must be used on a dynamic entity (i.e. prop_physics). Deleted.
Error loading studio model "models/props_c17/furnitureradiator001a.mdl"!
10
Water found with no water_lod_control entity, creating a default one.
Compacting texture/material tables...
Reduced 418 texinfos to 302
Reduced 43 texdatas to 37 (1189 bytes to 997)
Writing C:\Users\Martin\Desktop\FirstHalfLifeMod\sp\game\mod_episodic\maps\Layer1.bsp
0 seconds elapsed



16 threads
reading c:\users\martin\desktop\firsthalflifemod\sp\game\mod_episodic\maps\Layer1.bsp
reading c:\users\martin\desktop\firsthalflifemod\sp\game\mod_episodic\maps\Layer1.prt
   1 portalclusters
   0 numportals
0...1...2...3...4...5...6...7...8...9...100...1...2...3...4...5...6...7...8...9...10Optimized: 0 visible clusters (0.00%)
Total clusters visible: 1
Average clusters visible: 1
Building PAS...
Average clusters audible: 1
visdatasize:14  compressed from 16
writing c:\users\martin\desktop\firsthalflifemod\sp\game\mod_episodic\maps\Layer1.bsp
0 seconds elapsed



[Reading texlights from 'lights.rad']
[48 texlights parsed from 'lights.rad']

Loading c:\users\martin\desktop\firsthalflifemod\sp\game\mod_episodic\maps\Layer1.bsp
2116 faces
1472357 square feet [212019520.00 square inches]
0 Displacements
0 Square Feet [0.00 Square Inches]
2116 patches before subdivision
41432 patches after subdivision
16 direct lights
0...1...2...3...4...5...6...7...8...9...100...1...2...3...4...5...6...7...8...9...10transfers 2618934, max 419
transfer lists:  20.0 megs
0...1...2...3...4...5...6...7...8...9...10	Bounce #1 added RGB(55354, 44095, 36049)
0...1...2...3...4...5...6...7...8...9...10	Bounce #2 added RGB(8103, 5453, 3842)
0...1...2...3...4...5...6...7...8...9...10	Bounce #3 added RGB(1495, 911, 558)
0...1...2...3...4...5...6...7...8...9...10	Bounce #4 added RGB(361, 212, 115)
0...1...2...3...4...5...6...7...8...9...10	Bounce #5 added RGB(105, 63, 32)
0...1...2...3...4...5...6...7...8...9...10	Bounce #6 added RGB(35, 22, 11)
0...1...2...3...4...5...6...7...8...9...10	Bounce #7 added RGB(12, 8, 4)
0...1...2...3...4...5...6...7...8...9...10	Bounce #8 added RGB(5, 3, 1)
0...1...2...3...4...5...6...7...8...9...10	Bounce #9 added RGB(2, 1, 1)
0...1...2...3...4...5...6...7...8...9...10	Bounce #10 added RGB(1, 0, 0)
Build Patch/Sample Hash Table(s).....Done<0.0071 sec>
0...1...2...3...4...5...6...7...8...9...10FinalLightFace Done
0 of 0 (0% of) surface lights went in leaf ambient cubes.
0...1...2...3...4...5...6...7...8...9...10Writing leaf ambient...done
Ready to Finish

Object names       Objects/Maxobjs  Memory / Maxmem  Fullness 
------------       ---------------  ---------------  -------- 
models                   8/1024          384/49152    ( 0.8%) 
brushes                237/8192         2844/98304    ( 2.9%) 
brushsides            1614/65536       12912/524288   ( 2.5%) 
planes                 988/65536       19760/1310720  ( 1.5%) 
vertexes              3004/65536       36048/786432   ( 4.6%) 
nodes                 1303/65536       41696/2097152  ( 2.0%) 
texinfos               302/12288       21744/884736   ( 2.5%) 
texdata                 37/2048         1184/65536    ( 1.8%) 
dispinfos                0/0               0/0        ( 0.0%) 
disp_verts               0/0               0/0        ( 0.0%) 
disp_tris                0/0               0/0        ( 0.0%) 
disp_lmsamples           0/0               0/0        ( 0.0%) 
faces                 2116/65536      118496/3670016  ( 3.2%) 
hdr faces                0/65536           0/3670016  ( 0.0%) 
origfaces              891/65536       49896/3670016  ( 1.4%) 
leaves                1312/65536       41984/2097152  ( 2.0%) 
leaffaces             2486/65536        4972/131072   ( 3.8%) 
leafbrushes            639/65536        1278/131072   ( 1.0%) 
areas                    2/256            16/2048     ( 0.8%) 
surfedges            13502/512000      54008/2048000  ( 2.6%) 
edges                 7443/256000      29772/1024000  ( 2.9%) 
LDR worldlights         16/8192         1408/720896   ( 0.2%) 
HDR worldlights          0/8192            0/720896   ( 0.0%) 
leafwaterdata            1/32768          12/393216   ( 0.0%) 
waterstrips            152/32768        1520/327680   ( 0.5%) 
waterverts               0/65536           0/786432   ( 0.0%) 
waterindices          2415/65536        4830/131072   ( 3.7%) 
cubemapsamples           0/1024            0/16384    ( 0.0%) 
overlays                 0/512             0/180224   ( 0.0%) 
LDR lightdata         [variable]      994668/0        ( 0.0%) 
HDR lightdata         [variable]           0/0        ( 0.0%) 
visdata               [variable]          14/16777216 ( 0.0%) 
entdata               [variable]       39560/393216   (10.1%) 
LDR ambient table     1312/65536        5248/262144   ( 2.0%) 
HDR ambient table     1312/65536        5248/262144   ( 2.0%) 
LDR leaf ambient      6178/65536      172984/1835008  ( 9.4%) 
HDR leaf ambient      1312/65536       36736/1835008  ( 2.0%) 
occluders                0/0               0/0        ( 0.0%) 
occluder polygons        0/0               0/0        ( 0.0%) 
occluder vert ind        0/0               0/0        ( 0.0%) 
detail props          [variable]           1/12       ( 8.3%) 
static props          [variable]           1/2630     ( 0.0%) 
pakfile               [variable]      165258/0        ( 0.0%) 
physics               [variable]       85055/4194304  ( 2.0%) 
physics terrain       [variable]           2/1048576  ( 0.0%) 

Level flags = 0

Total triangle count: 5695
Writing c:\users\martin\desktop\firsthalflifemod\sp\game\mod_episodic\maps\Layer1.bsp
9 seconds elapsed
